<?xml version="1.0" encoding="UTF-8"?>
<config>
	<site>1ap1submen2art</site>
</config>
