<?xml version="1.0" encoding="UTF-8"?>
<config>
	<site>33p</site>
</config>
