<?xml version="1.0" encoding="UTF-8"?>
<config>
<!-- 	<site>celebrity</site> -->
<!-- 	<site>cunard</site> -->
<!-- 	<site>msc</site> -->
<!-- 	<site>po</site> -->
<!-- 	<site>princess</site> -->
	<site>thomson</site>
</config>
